[[1;34mINFO[m] Scanning for projects...
[[1;34mINFO[m] 
[[1;34mINFO[m] [1m-----------------------< [0;36mlibrary:TestValidation[0;1m >-----------------------[m
[[1;34mINFO[m] [1mBuilding TestValidation 1.0-SNAPSHOT[m
[[1;34mINFO[m] [1m--------------------------------[ jar ]---------------------------------[m
[[1;34mINFO[m] 
[[1;34mINFO[m] [1m--- [0;32mmaven-clean-plugin:2.5:clean[m [1m(default-clean)[m @ [36mTestValidation[0;1m ---[m
[[1;34mINFO[m] Deleting /home/gaian/Desktop/ownRepoShellScript/EvomasterTestExecution/target
[[1;34mINFO[m] 
[[1;34mINFO[m] [1m--- [0;32mmaven-resources-plugin:2.6:resources[m [1m(default-resources)[m @ [36mTestValidation[0;1m ---[m
[[1;34mINFO[m] Using 'UTF-8' encoding to copy filtered resources.
[[1;34mINFO[m] skip non existing resourceDirectory /home/gaian/Desktop/ownRepoShellScript/EvomasterTestExecution/src/main/resources
[[1;34mINFO[m] 
[[1;34mINFO[m] [1m--- [0;32mmaven-compiler-plugin:3.1:compile[m [1m(default-compile)[m @ [36mTestValidation[0;1m ---[m
[[1;34mINFO[m] Changes detected - recompiling the module!
[[1;34mINFO[m] Compiling 1 source file to /home/gaian/Desktop/ownRepoShellScript/EvomasterTestExecution/target/classes
[[1;34mINFO[m] 
[[1;34mINFO[m] [1m--- [0;32mmaven-resources-plugin:2.6:testResources[m [1m(default-testResources)[m @ [36mTestValidation[0;1m ---[m
[[1;34mINFO[m] Using 'UTF-8' encoding to copy filtered resources.
[[1;34mINFO[m] skip non existing resourceDirectory /home/gaian/Desktop/ownRepoShellScript/EvomasterTestExecution/src/test/resources
[[1;34mINFO[m] 
[[1;34mINFO[m] [1m--- [0;32mmaven-compiler-plugin:3.1:testCompile[m [1m(default-testCompile)[m @ [36mTestValidation[0;1m ---[m
[[1;34mINFO[m] Changes detected - recompiling the module!
[[1;34mINFO[m] Compiling 3 source files to /home/gaian/Desktop/ownRepoShellScript/EvomasterTestExecution/target/test-classes
[[1;34mINFO[m] 
[[1;34mINFO[m] [1m--- [0;32mmaven-surefire-plugin:2.12.4:test[m [1m(default-test)[m @ [36mTestValidation[0;1m ---[m
[[1;34mINFO[m] Surefire report directory: /home/gaian/Desktop/ownRepoShellScript/EvomasterTestExecution/target/surefire-reports

-------------------------------------------------------
 T E S T S
-------------------------------------------------------
Running EvoMaster_successes_Test
Tests run: 2, Failures: 0, Errors: 0, Skipped: 0, Time elapsed: 2.384 sec
Running EvoMaster_others_Test
Tests run: 78, Failures: 0, Errors: 0, Skipped: 0, Time elapsed: 13.163 sec
Running EvoMaster_faults_Test
Request method:	GET
Request URI:	https://ig.aidtaas.com/mobius-payment-service/v1.0/paypal/execute_payment/jq/jkx9r96jUr
Proxy:			<none>
Request params:	<none>
Query params:	<none>
Form params:	<none>
Path params:	<none>
Headers:		Accept=application/json
				Authorization=Bearer  eyJhbGciOiJSUzI1NiIsInR5cCIgOiAiSldUIiwia2lkIiA6ICI3Ny1NUVdFRTNHZE5adGlsWU5IYmpsa2dVSkpaWUJWVmN1UmFZdHl5ejFjIn0.eyJleHAiOjE3NDAxNjc5MTgsImlhdCI6MTc0MDEzMTkxOCwianRpIjoiODk0YzY0NDQtNTQwNy00OTA5LWI1ZjMtNzg2NTY2Yjk1ZDViIiwiaXNzIjoiaHR0cDovL2tleWNsb2FrLXNlcnZpY2Uua2V5Y2xvYWsuc3ZjLmNsdXN0ZXIubG9jYWw6ODA4MC9yZWFsbXMvbWFzdGVyIiwiYXVkIjpbIkJPTFRaTUFOTl9CT1RfbW9iaXVzIiwiUEFTQ0FMX0lOVEVMTElHRU5DRV9tb2JpdXMiLCJNT05FVF9tb2JpdXMiLCJWSU5DSV9tb2JpdXMiLCJhY2NvdW50Il0sInN1YiI6IjJjZjc2ZTVmLTI2YWQtNGYyYy1iY2NjLWY0YmMxZTdiZmI2NCIsInR5cCI6IkJlYXJlciIsImF6cCI6IkhPTEFDUkFDWV9tb2JpdXMiLCJzaWQiOiJiZjFlOTg4MS0xNjVmLTRlZDMtOTliMC1lODlkMGQzYTViOWEiLCJhY3IiOiIxIiwiYWxsb3dlZC1vcmlnaW5zIjpbIi8qIl0sInJlYWxtX2FjY2VzcyI6eyJyb2xlcyI6WyJkZWZhdWx0LXJvbGVzLW1hc3RlciIsIkhDWV9URU5BTlRfQ1VTVE9NIiwib2ZmbGluZV9hY2Nlc3MiLCJCT0JfVEVOQU5UX0NVU1RPTSIsInVtYV9hdXRob3JpemF0aW9uIiwiUElfVEVOQU5UX0NVU1RPTSIsIk1PTkVUX1RFTkFOVF9DVVNUT00iXX0sInJlc291cmNlX2FjY2VzcyI6eyJCT0xUWk1BTk5fQk9UX21vYml1cyI6eyJyb2xlcyI6WyJURU5BTlRfV09SS0ZMT1dfU1VTUEVORF9QUk9DRVNTX0RFRklOSVRJT04iLCJURU5BTlRfV09SS0ZMT1dfU1VTUEVORF9JTlNUQU5DRSIsIlRFTkFOVF9XT1JLRkxPV19SRVRSSUVWRV9BTEwiLCJURU5BTlRfV09SS0ZMT1dfQUNUSVZBVEVfSU5TVEFOQ0UiLCJURU5BTlRfV09SS0ZMT1dfRVhFQ1VURSIsIlRFTkFOVF9XT1JLRkxPV19SRVRSSUVWRV9IT01FIiwiVEVOQU5UX1dPUktGTE9XX1JFVFJJRVZFX1NVU1BFTkRFRF9QUk9DRVNTX0RFRlMiLCJURU5BTlRfV09SS0ZMT1dfQUNUSVZBVEVfUlVOX0pPQiIsIlRFTkFOVF9XT1JLRkxPV19TVEFUVVMiLCJURU5BTlRfV09SS0ZMT1dfQ1JFQVRFIiwiVEVOQU5UX1dPUktGTE9XX0FDVElWSVRZX0RBVEFfQ09VTlQiLCJCT0xUWk1BTk5fQk9UX1VTRVIiLCJURU5BTlRfV09SS0ZMT1dfREVQTE9ZX1ZFUlNJT04iLCJURU5BTlRfV09SS0ZMT1dfSU1QT1JUIiwiVEVOQU5UX1dPUktGTE9XX1VQREFURSIsIlRFTkFOVF9XT1JLRkxPV19ERVBMT1kiLCJURU5BTlRfV09SS0ZMT1dfU1VTUEVORF9SVU5fSk9CIiwiVEVOQU5UX1dPUktGTE9XX1JFVFJJRVZFIiwiVEVOQU5UX1dPUktGTE9XX0RFTEVURSIsIlRFTkFOVF9XT1JLRkxPV19UUklHR0VSX01FU1NBR0VfTElTVEVORVIiXX0sIkhPTEFDUkFDWV9tb2JpdXMiOnsicm9sZXMiOlsiVEVOQU5UX1BST0RVQ1RfUkVUUklFVkVfTUFTVEVSX0NPTkZJRyIsIlRFTkFOVF9JTlZJVEFUSU9OX1JFU1BPTkQiLCJURU5BTlRfTkVHT1RJQVRJT05fQVBQUk9WQUxfQlVZRVIiLCJURU5BTlRfSU5WSVRBVElPTl9SRVRSSUVWRSIsIlRFTkFOVF9PUkdBTklaQVRJT05fQ1JFQVRFIiwiVEVOQU5UX0NSRUFURV9URU5BTlQiLCJURU5BTlRfU1VCX0FMTElBTkNFX1JFVFJJRVZFIiwiVEVOQU5UX1BMQVRGT1JNX0NSRUFURSIsIkhPTEFDUkFDWV9VU0VSIiwiVEVOQU5UX1JBVEVDQVJEX0NSRUFURSIsIlRFTkFOVF9QTEFURk9STV9SRVRSSUVWRSIsIlRFTkFOVF9SRVRSSUVWRV9CWV9CVVlFUl9QTEFURk9STSIsIlRFTkFOVF9TVUJfQUxMSUFOQ0VfUkVUUklFVkVfQUxMIiwiVEVOQU5UX1BST0RVQ1RfUkVUUklFVkUiLCJURU5BTlRfQUNDT1VOVF9ERUxFVEUiLCJURU5BTlRfQUxMSUFOQ0VfUkVUUklFVkUiLCJURU5BTlRfUExBVEZPUk1fVVBEQVRFIiwiVEVOQU5UX0lOVklUQVRJT05fQ1JFQVRFIiwiVEVOQU5UX1JBVEVDQVJEX1JFVFJJRVZFIiwiVEVOQU5UX09SR0FOSVpBVElPTl9VUERBVEUiLCJURU5BTlRfUkFURUNBUkRfVVBEQVRFIiwiVEVOQU5UX09SR0FOSVpBVElPTl9ERUxFVEUiLCJURU5BTlRfUExBVEZPUk1fREVMRVRFIiwiVEVOQU5UX1BST0RVQ1RfQ1JFQVRFIiwiVEVOQU5UX1NVQl9BTExJQU5DRV9DUkVBVEUiLCJURU5BTlRfUkFURUNBUkRfREVMRVRFIiwiVEVOQU5UX0FDQ09VTlRfQ1JFQVRFIiwiVEVOQU5UX0lOVklUQVRJT05fVVBEQVRFIiwiVEVOQU5UX1JFVFJJRVZFX1RFTkFOVCIsIlRFTkFOVF9JTlZJVEFUSU9OX0RFTEVURSIsIlRFTkFOVF9ORUdPVElBVElPTl9BUFBST1ZBTF9TVVBFUl9BRE1JTiIsIlRFTkFOVF9ORUdPVElBVElPTl9SRVRSSUVWRV9BTExfQkVUV0VFTl9CVVlFUl9TRUxMRVIiLCJURU5BTlRfUkVUUklFVkVfVEVOQU5UX0FMTCIsIlRFTkFOVF9ORUdPVElBVElPTl9DUkVBVEUiLCJURU5BTlRfVVBEQVRFX1RFTkFOVCIsIlRFTkFOVF9PUkdBTklaQVRJT05fUkVUUklFVkUiLCJURU5BTlRfQUNDT1VOVF9VUERBVEUiLCJURU5BTlRfUFJPRFVDVF9ERUxFVEUiLCJURU5BTlRfU1VCX0FMTElBTkNFX0RFTEVURSIsIlRFTkFOVF9ORUdPVElBVElPTl9BUFBST1ZBTF9TRUxMRVIiLCJURU5BTlRfU1VCX0FMTElBTkNFX1VQREFURSIsIlRFTkFOVF9QUk9EVUNUX1VQREFURSIsIlRFTkFOVF9BQ0NPVU5UX1JFVFJJRVZFIiwiVEVOQU5UX05FR09USUFUSU9OX1JFVFJJRVZFIiwiVEVOQU5UX0RFTEVURV9URU5BTlQiXX0sIlBBU0NBTF9JTlRFTExJR0VOQ0VfbW9iaXVzIjp7InJvbGVzIjpbIlRFTkFOVF9DT05URVhUX0RFTEVURSIsIlRFTkFOVF9DT05URVhUX1VQREFURSIsIlRFTkFOVF9CSUdRVUVSWV9SRVRSSUVWRSIsIlRFTkFOVF9CSUdRVUVSWV9VUERBVEUiLCJURU5BTlRfVU5JVkVSU0VfQ1JFQVRFIiwiVEVOQU5UX0NPSE9SVFNfUkVUUklFVkUiLCJURU5BTlRfQklHUVVFUllfQ1JFQVRFIiwiVEVOQU5UX0JJR1FVRVJZX0VWQUxVQVRFIiwiVEVOQU5UX0NPSE9SVFNfVVBEQVRFIiwiVEVOQU5UX0NPTlRFWFRfUkVUUklFVkUiLCJURU5BTlRfVU5JVkVSU0VfUkVUUklFVkUiLCJURU5BTlRfQ09IT1JUU19FVkFMVUFURSIsIlRFTkFOVF9CSUdRVUVSWV9ERUxFVEUiLCJURU5BTlRfU0NIRU1BX0NSRUFURSIsIlBBU0NBTF9JTlRFTExJR0VOQ0VfVVNFUiIsIlRFTkFOVF9DT0hPUlRTX0NSRUFURSIsIlRFTkFOVF9TQ0hFTUFfVVBEQVRFIiwiVEVOQU5UX0NPTlRFWFRfQVBQUk9WRSIsIlRFTkFOVF9VTklWRVJTRV9VUERBVEUiLCJURU5BTlRfQklHUVVFUllfQVBQUk9WRSIsIlRFTkFOVF9TQ0hFTUFfUkVUUklFVkUiLCJURU5BTlRfU0NIRU1BX0FQUFJPVkUiLCJURU5BTlRfQ09OVEVYVF9FVkFMVUFURSIsIlRFTkFOVF9TQ0hFTUFfREVMRVRFIiwiVEVOQU5UX0NPTlRFWFRfQ1JFQVRFIiwiVEVOQU5UX1NDSEVNQV9EQVRBX1JFVFJJRVZFIiwiVEVOQU5UX1NDSEVNQV9EQVRBX0RFTEVURSIsIlRFTkFOVF9TQ0hFTUFfREFUQV9VUERBVEUiLCJURU5BTlRfQ09IT1JUU19ERUxFVEUiLCJURU5BTlRfVU5JVkVSU0VfREVMRVRFIiwiVEVOQU5UX1NDSEVNQV9EQVRBX0lOR0VTVElPTiIsIlRFTkFOVF9DT0hPUlRTX0FQUFJPVkUiXX0sIk1PTkVUX21vYml1cyI6eyJyb2xlcyI6WyJURU5BTlRfQVBQTEVUU19SRVRSSUVWRV9BTExfUFVCTElTSEVEIiwiVEVOQU5UX1dJREdFVFNfUkVUUklFVkVfRFJBRlQiLCJURU5BTlRfV0lER0VUU19VUERBVEUiLCJURU5BTlRfQVBQTEVUU19ERUxFVEUiLCJURU5BTlRfV0lER0VUU19ERUxFVEUiLCJURU5BTlRfUExVR0lOX0NBVEVHT1JZX1JFVFJJRVZFX0FMTCIsIlRFTkFOVF9BUFBMRVRTX1VQREFURV9ISVNUT1JZIiwiVEVOQU5UX0VYUEVSSUVOQ0VTX0NSRUFURSIsIlRFTkFOVF9XSURHRVRTX1JFVFJJRVZFX1BVQkxJU0giLCJURU5BTlRfUExVR0lOX0NBVEVHT1JZX0NSRUFURSIsIlRFTkFOVF9ERVBFTkRFTkNZX1JFVFJJRVZFX0FMTCIsIlRFTkFOVF9XSURHRVRTX1BVQkxJU0giLCJURU5BTlRfUkVUUklFVkVfRklFTERTX09GX1BVQkxJU0hFRCIsIlRFTkFOVF9FWFBFUklFTkNFU19VUERBVEUiLCJURU5BTlRfQVBQTEVUU19DUkVBVEUiLCJURU5BTlRfUExVR0lOU19ERUxFVEUiLCJURU5BTlRfQVBQTEVUU19SRVRSSUVWRV9BTExfRFJBRlQiLCJURU5BTlRfUExVR0lOU19VUERBVEUiLCJURU5BTlRfQVBQTEVUU19SRVRSSUVWRV9GUk9NX0hJU1RPUlkiLCJURU5BTlRfUkVUUklFVkVfRklFTERTX09GX0RSQUZUIiwiVEVOQU5UX0FQUExFVFNfUkVUUklFVkVfUFVCTElTSEVEIiwiVEVOQU5UX0FQUExFVFNfUFVCTElTSEVEIiwiVEVOQU5UX1dJREdFVFNfUkVUUklFVkUiLCJURU5BTlRfUExVR0lOX0NBVEVHT1JZX0RFTEVURSIsIlRFTkFOVF9QTFVHSU5fQ0FURUdPUllfUFVCTElTSCIsIlRFTkFOVF9QTFVHSU5fQ0FURUdPUllfREVMRVRFX0NPTVBfRlJPTSIsIlRFTkFOVF9SRVRSSUVWRV9QVUJMSVNIRUQiLCJURU5BTlRfUExVR0lOU19SRVRSSUVWRSIsIlRFTkFOVF9QTFVHSU5TX0NSRUFURSIsIlRFTkFOVF9XSURHRVRTX0NSRUFURSIsIlRFTkFOVF9BUFBMRVRTX1JFVFJJRVZFX0FMTF9QVUJMSVNIRURfVEhVTUJOQUlMUyIsIk1PTkVUX1VTRVIiLCJURU5BTlRfRVhQRVJJRU5DRVNfREVMRVRFIiwiVEVOQU5UX0VYUEVSSUVOQ0VTX1BVQkxJU0giLCJURU5BTlRfUkVUUklFVkVfRlJPTV9ISVNUT1JZIiwiVEVOQU5UX1BMVUdJTl9DQVRFR09SWV9VUERBVEUiXX0sIlZJTkNJX21vYml1cyI6eyJyb2xlcyI6WyJWSU5DSV9VU0VSIl19LCJhY2NvdW50Ijp7InJvbGVzIjpbIm1hbmFnZS1hY2NvdW50IiwibWFuYWdlLWFjY291bnQtbGlua3MiLCJ2aWV3LXByb2ZpbGUiXX19LCJzY29wZSI6InByb2ZpbGUgZW1haWwiLCJyZXF1ZXN0ZXJUeXBlIjoiVEVOQU5UIiwiZW1haWxfdmVyaWZpZWQiOnRydWUsIm5hbWUiOiJBaWR0YWFzIEFpZHRhYXMiLCJ0ZW5hbnRJZCI6IjJjZjc2ZTVmLTI2YWQtNGYyYy1iY2NjLWY0YmMxZTdiZmI2NCIsInByZWZlcnJlZF91c2VybmFtZSI6InBhc3N3b3JkX3RlbmFudF9haWR0YWFzQGdhaWFuc29sdXRpb25zLmNvbSIsImdpdmVuX25hbWUiOiJBaWR0YWFzIiwiZmFtaWx5X25hbWUiOiJBaWR0YWFzIiwiZW1haWwiOiJwYXNzd29yZF90ZW5hbnRfYWlkdGFhc0BnYWlhbnNvbHV0aW9ucy5jb20ifQ.T965S5M8iU-BIunBn_jJjAbRqDCJxtsotfvSz1NEWKs_fffC6UjixtLIMq64SxTzOW6QXQb8ijIMA4cIh1bHJtDISZrZrRCTR9Orto0g3t5cGRW0DrfC_JtJJPk9Yn01NmVCH9mLpS4luz4nV-PdRRPbg0T6j1YWs_MKEeE4Nq_i9Vb-4VaG8x0kcK6PqojfMlGjDU2RCH_aY8qTi4d6iyoyzHQ8mRYIUID9S51KN4pjAMxlKH5N7U05JTRpyqqIcAztYjiZfi5r1OSN2rF4bnGK8jpThTrBlHCCIHx25k3MUuq6EiBVhFvwo5nA7efrHgwBIwZJb6SCKafk_qMtTA
Cookies:		<none>
Multiparts:		<none>
Body:			<none>

HTTP/1.1 500 Internal Server Error
content-type: application/json
date: Fri, 21 Feb 2025 13:27:06 GMT
x-envoy-upstream-service-time: 1483
server: istio-envoy
transfer-encoding: chunked

{
    "timestamp": 1740144426480,
    "origin": "mobius-payment-service",
    "errorCode": 5001,
    "errorMessage": "Response code: 404\tError response: {\"name\":\"INVALID_RESOURCE_ID\",\"message\":\"Requested resource ID was not found.\",\"information_link\":\"https://developer.paypal.com/docs/api/payments/#errors\",\"debug_id\":\"430a860fd7761\"}",
    "cause": {
        "message": "Response code: 404\tError response: {\"name\":\"INVALID_RESOURCE_ID\",\"message\":\"Requested resource ID was not found.\",\"information_link\":\"https://developer.paypal.com/docs/api/payments/#errors\",\"debug_id\":\"430a860fd7761\"}",
        "timestamp": 0
    },
    "docUrl": "https://mobiusdtaas.atlassian.net/wiki/spaces/EN/pages/2360868868/Mobius+Documentation+for+Common+Issues",
    "httpStatusCode": "INTERNAL_SERVER_ERROR"
}
Request method:	GET
Request URI:	https://ig.aidtaas.com/mobius-payment-service/review_payment?paymentId=2vVEeQ&token=OBMXDoQtuGN&PayerID=crJmoGmO2kXO44lT
Proxy:			<none>
Request params:	<none>
Query params:	<none>
Form params:	<none>
Path params:	<none>
Headers:		Accept=application/json
				Authorization=Bearer  eyJhbGciOiJSUzI1NiIsInR5cCIgOiAiSldUIiwia2lkIiA6ICI3Ny1NUVdFRTNHZE5adGlsWU5IYmpsa2dVSkpaWUJWVmN1UmFZdHl5ejFjIn0.eyJleHAiOjE3NDAxNjc5MTgsImlhdCI6MTc0MDEzMTkxOCwianRpIjoiODk0YzY0NDQtNTQwNy00OTA5LWI1ZjMtNzg2NTY2Yjk1ZDViIiwiaXNzIjoiaHR0cDovL2tleWNsb2FrLXNlcnZpY2Uua2V5Y2xvYWsuc3ZjLmNsdXN0ZXIubG9jYWw6ODA4MC9yZWFsbXMvbWFzdGVyIiwiYXVkIjpbIkJPTFRaTUFOTl9CT1RfbW9iaXVzIiwiUEFTQ0FMX0lOVEVMTElHRU5DRV9tb2JpdXMiLCJNT05FVF9tb2JpdXMiLCJWSU5DSV9tb2JpdXMiLCJhY2NvdW50Il0sInN1YiI6IjJjZjc2ZTVmLTI2YWQtNGYyYy1iY2NjLWY0YmMxZTdiZmI2NCIsInR5cCI6IkJlYXJlciIsImF6cCI6IkhPTEFDUkFDWV9tb2JpdXMiLCJzaWQiOiJiZjFlOTg4MS0xNjVmLTRlZDMtOTliMC1lODlkMGQzYTViOWEiLCJhY3IiOiIxIiwiYWxsb3dlZC1vcmlnaW5zIjpbIi8qIl0sInJlYWxtX2FjY2VzcyI6eyJyb2xlcyI6WyJkZWZhdWx0LXJvbGVzLW1hc3RlciIsIkhDWV9URU5BTlRfQ1VTVE9NIiwib2ZmbGluZV9hY2Nlc3MiLCJCT0JfVEVOQU5UX0NVU1RPTSIsInVtYV9hdXRob3JpemF0aW9uIiwiUElfVEVOQU5UX0NVU1RPTSIsIk1PTkVUX1RFTkFOVF9DVVNUT00iXX0sInJlc291cmNlX2FjY2VzcyI6eyJCT0xUWk1BTk5fQk9UX21vYml1cyI6eyJyb2xlcyI6WyJURU5BTlRfV09SS0ZMT1dfU1VTUEVORF9QUk9DRVNTX0RFRklOSVRJT04iLCJURU5BTlRfV09SS0ZMT1dfU1VTUEVORF9JTlNUQU5DRSIsIlRFTkFOVF9XT1JLRkxPV19SRVRSSUVWRV9BTEwiLCJURU5BTlRfV09SS0ZMT1dfQUNUSVZBVEVfSU5TVEFOQ0UiLCJURU5BTlRfV09SS0ZMT1dfRVhFQ1VURSIsIlRFTkFOVF9XT1JLRkxPV19SRVRSSUVWRV9IT01FIiwiVEVOQU5UX1dPUktGTE9XX1JFVFJJRVZFX1NVU1BFTkRFRF9QUk9DRVNTX0RFRlMiLCJURU5BTlRfV09SS0ZMT1dfQUNUSVZBVEVfUlVOX0pPQiIsIlRFTkFOVF9XT1JLRkxPV19TVEFUVVMiLCJURU5BTlRfV09SS0ZMT1dfQ1JFQVRFIiwiVEVOQU5UX1dPUktGTE9XX0FDVElWSVRZX0RBVEFfQ09VTlQiLCJCT0xUWk1BTk5fQk9UX1VTRVIiLCJURU5BTlRfV09SS0ZMT1dfREVQTE9ZX1ZFUlNJT04iLCJURU5BTlRfV09SS0ZMT1dfSU1QT1JUIiwiVEVOQU5UX1dPUktGTE9XX1VQREFURSIsIlRFTkFOVF9XT1JLRkxPV19ERVBMT1kiLCJURU5BTlRfV09SS0ZMT1dfU1VTUEVORF9SVU5fSk9CIiwiVEVOQU5UX1dPUktGTE9XX1JFVFJJRVZFIiwiVEVOQU5UX1dPUktGTE9XX0RFTEVURSIsIlRFTkFOVF9XT1JLRkxPV19UUklHR0VSX01FU1NBR0VfTElTVEVORVIiXX0sIkhPTEFDUkFDWV9tb2JpdXMiOnsicm9sZXMiOlsiVEVOQU5UX1BST0RVQ1RfUkVUUklFVkVfTUFTVEVSX0NPTkZJRyIsIlRFTkFOVF9JTlZJVEFUSU9OX1JFU1BPTkQiLCJURU5BTlRfTkVHT1RJQVRJT05fQVBQUk9WQUxfQlVZRVIiLCJURU5BTlRfSU5WSVRBVElPTl9SRVRSSUVWRSIsIlRFTkFOVF9PUkdBTklaQVRJT05fQ1JFQVRFIiwiVEVOQU5UX0NSRUFURV9URU5BTlQiLCJURU5BTlRfU1VCX0FMTElBTkNFX1JFVFJJRVZFIiwiVEVOQU5UX1BMQVRGT1JNX0NSRUFURSIsIkhPTEFDUkFDWV9VU0VSIiwiVEVOQU5UX1JBVEVDQVJEX0NSRUFURSIsIlRFTkFOVF9QTEFURk9STV9SRVRSSUVWRSIsIlRFTkFOVF9SRVRSSUVWRV9CWV9CVVlFUl9QTEFURk9STSIsIlRFTkFOVF9TVUJfQUxMSUFOQ0VfUkVUUklFVkVfQUxMIiwiVEVOQU5UX1BST0RVQ1RfUkVUUklFVkUiLCJURU5BTlRfQUNDT1VOVF9ERUxFVEUiLCJURU5BTlRfQUxMSUFOQ0VfUkVUUklFVkUiLCJURU5BTlRfUExBVEZPUk1fVVBEQVRFIiwiVEVOQU5UX0lOVklUQVRJT05fQ1JFQVRFIiwiVEVOQU5UX1JBVEVDQVJEX1JFVFJJRVZFIiwiVEVOQU5UX09SR0FOSVpBVElPTl9VUERBVEUiLCJURU5BTlRfUkFURUNBUkRfVVBEQVRFIiwiVEVOQU5UX09SR0FOSVpBVElPTl9ERUxFVEUiLCJURU5BTlRfUExBVEZPUk1fREVMRVRFIiwiVEVOQU5UX1BST0RVQ1RfQ1JFQVRFIiwiVEVOQU5UX1NVQl9BTExJQU5DRV9DUkVBVEUiLCJURU5BTlRfUkFURUNBUkRfREVMRVRFIiwiVEVOQU5UX0FDQ09VTlRfQ1JFQVRFIiwiVEVOQU5UX0lOVklUQVRJT05fVVBEQVRFIiwiVEVOQU5UX1JFVFJJRVZFX1RFTkFOVCIsIlRFTkFOVF9JTlZJVEFUSU9OX0RFTEVURSIsIlRFTkFOVF9ORUdPVElBVElPTl9BUFBST1ZBTF9TVVBFUl9BRE1JTiIsIlRFTkFOVF9ORUdPVElBVElPTl9SRVRSSUVWRV9BTExfQkVUV0VFTl9CVVlFUl9TRUxMRVIiLCJURU5BTlRfUkVUUklFVkVfVEVOQU5UX0FMTCIsIlRFTkFOVF9ORUdPVElBVElPTl9DUkVBVEUiLCJURU5BTlRfVVBEQVRFX1RFTkFOVCIsIlRFTkFOVF9PUkdBTklaQVRJT05fUkVUUklFVkUiLCJURU5BTlRfQUNDT1VOVF9VUERBVEUiLCJURU5BTlRfUFJPRFVDVF9ERUxFVEUiLCJURU5BTlRfU1VCX0FMTElBTkNFX0RFTEVURSIsIlRFTkFOVF9ORUdPVElBVElPTl9BUFBST1ZBTF9TRUxMRVIiLCJURU5BTlRfU1VCX0FMTElBTkNFX1VQREFURSIsIlRFTkFOVF9QUk9EVUNUX1VQREFURSIsIlRFTkFOVF9BQ0NPVU5UX1JFVFJJRVZFIiwiVEVOQU5UX05FR09USUFUSU9OX1JFVFJJRVZFIiwiVEVOQU5UX0RFTEVURV9URU5BTlQiXX0sIlBBU0NBTF9JTlRFTExJR0VOQ0VfbW9iaXVzIjp7InJvbGVzIjpbIlRFTkFOVF9DT05URVhUX0RFTEVURSIsIlRFTkFOVF9DT05URVhUX1VQREFURSIsIlRFTkFOVF9CSUdRVUVSWV9SRVRSSUVWRSIsIlRFTkFOVF9CSUdRVUVSWV9VUERBVEUiLCJURU5BTlRfVU5JVkVSU0VfQ1JFQVRFIiwiVEVOQU5UX0NPSE9SVFNfUkVUUklFVkUiLCJURU5BTlRfQklHUVVFUllfQ1JFQVRFIiwiVEVOQU5UX0JJR1FVRVJZX0VWQUxVQVRFIiwiVEVOQU5UX0NPSE9SVFNfVVBEQVRFIiwiVEVOQU5UX0NPTlRFWFRfUkVUUklFVkUiLCJURU5BTlRfVU5JVkVSU0VfUkVUUklFVkUiLCJURU5BTlRfQ09IT1JUU19FVkFMVUFURSIsIlRFTkFOVF9CSUdRVUVSWV9ERUxFVEUiLCJURU5BTlRfU0NIRU1BX0NSRUFURSIsIlBBU0NBTF9JTlRFTExJR0VOQ0VfVVNFUiIsIlRFTkFOVF9DT0hPUlRTX0NSRUFURSIsIlRFTkFOVF9TQ0hFTUFfVVBEQVRFIiwiVEVOQU5UX0NPTlRFWFRfQVBQUk9WRSIsIlRFTkFOVF9VTklWRVJTRV9VUERBVEUiLCJURU5BTlRfQklHUVVFUllfQVBQUk9WRSIsIlRFTkFOVF9TQ0hFTUFfUkVUUklFVkUiLCJURU5BTlRfU0NIRU1BX0FQUFJPVkUiLCJURU5BTlRfQ09OVEVYVF9FVkFMVUFURSIsIlRFTkFOVF9TQ0hFTUFfREVMRVRFIiwiVEVOQU5UX0NPTlRFWFRfQ1JFQVRFIiwiVEVOQU5UX1NDSEVNQV9EQVRBX1JFVFJJRVZFIiwiVEVOQU5UX1NDSEVNQV9EQVRBX0RFTEVURSIsIlRFTkFOVF9TQ0hFTUFfREFUQV9VUERBVEUiLCJURU5BTlRfQ09IT1JUU19ERUxFVEUiLCJURU5BTlRfVU5JVkVSU0VfREVMRVRFIiwiVEVOQU5UX1NDSEVNQV9EQVRBX0lOR0VTVElPTiIsIlRFTkFOVF9DT0hPUlRTX0FQUFJPVkUiXX0sIk1PTkVUX21vYml1cyI6eyJyb2xlcyI6WyJURU5BTlRfQVBQTEVUU19SRVRSSUVWRV9BTExfUFVCTElTSEVEIiwiVEVOQU5UX1dJREdFVFNfUkVUUklFVkVfRFJBRlQiLCJURU5BTlRfV0lER0VUU19VUERBVEUiLCJURU5BTlRfQVBQTEVUU19ERUxFVEUiLCJURU5BTlRfV0lER0VUU19ERUxFVEUiLCJURU5BTlRfUExVR0lOX0NBVEVHT1JZX1JFVFJJRVZFX0FMTCIsIlRFTkFOVF9BUFBMRVRTX1VQREFURV9ISVNUT1JZIiwiVEVOQU5UX0VYUEVSSUVOQ0VTX0NSRUFURSIsIlRFTkFOVF9XSURHRVRTX1JFVFJJRVZFX1BVQkxJU0giLCJURU5BTlRfUExVR0lOX0NBVEVHT1JZX0NSRUFURSIsIlRFTkFOVF9ERVBFTkRFTkNZX1JFVFJJRVZFX0FMTCIsIlRFTkFOVF9XSURHRVRTX1BVQkxJU0giLCJURU5BTlRfUkVUUklFVkVfRklFTERTX09GX1BVQkxJU0hFRCIsIlRFTkFOVF9FWFBFUklFTkNFU19VUERBVEUiLCJURU5BTlRfQVBQTEVUU19DUkVBVEUiLCJURU5BTlRfUExVR0lOU19ERUxFVEUiLCJURU5BTlRfQVBQTEVUU19SRVRSSUVWRV9BTExfRFJBRlQiLCJURU5BTlRfUExVR0lOU19VUERBVEUiLCJURU5BTlRfQVBQTEVUU19SRVRSSUVWRV9GUk9NX0hJU1RPUlkiLCJURU5BTlRfUkVUUklFVkVfRklFTERTX09GX0RSQUZUIiwiVEVOQU5UX0FQUExFVFNfUkVUUklFVkVfUFVCTElTSEVEIiwiVEVOQU5UX0FQUExFVFNfUFVCTElTSEVEIiwiVEVOQU5UX1dJREdFVFNfUkVUUklFVkUiLCJURU5BTlRfUExVR0lOX0NBVEVHT1JZX0RFTEVURSIsIlRFTkFOVF9QTFVHSU5fQ0FURUdPUllfUFVCTElTSCIsIlRFTkFOVF9QTFVHSU5fQ0FURUdPUllfREVMRVRFX0NPTVBfRlJPTSIsIlRFTkFOVF9SRVRSSUVWRV9QVUJMSVNIRUQiLCJURU5BTlRfUExVR0lOU19SRVRSSUVWRSIsIlRFTkFOVF9QTFVHSU5TX0NSRUFURSIsIlRFTkFOVF9XSURHRVRTX0NSRUFURSIsIlRFTkFOVF9BUFBMRVRTX1JFVFJJRVZFX0FMTF9QVUJMSVNIRURfVEhVTUJOQUlMUyIsIk1PTkVUX1VTRVIiLCJURU5BTlRfRVhQRVJJRU5DRVNfREVMRVRFIiwiVEVOQU5UX0VYUEVSSUVOQ0VTX1BVQkxJU0giLCJURU5BTlRfUkVUUklFVkVfRlJPTV9ISVNUT1JZIiwiVEVOQU5UX1BMVUdJTl9DQVRFR09SWV9VUERBVEUiXX0sIlZJTkNJX21vYml1cyI6eyJyb2xlcyI6WyJWSU5DSV9VU0VSIl19LCJhY2NvdW50Ijp7InJvbGVzIjpbIm1hbmFnZS1hY2NvdW50IiwibWFuYWdlLWFjY291bnQtbGlua3MiLCJ2aWV3LXByb2ZpbGUiXX19LCJzY29wZSI6InByb2ZpbGUgZW1haWwiLCJyZXF1ZXN0ZXJUeXBlIjoiVEVOQU5UIiwiZW1haWxfdmVyaWZpZWQiOnRydWUsIm5hbWUiOiJBaWR0YWFzIEFpZHRhYXMiLCJ0ZW5hbnRJZCI6IjJjZjc2ZTVmLTI2YWQtNGYyYy1iY2NjLWY0YmMxZTdiZmI2NCIsInByZWZlcnJlZF91c2VybmFtZSI6InBhc3N3b3JkX3RlbmFudF9haWR0YWFzQGdhaWFuc29sdXRpb25zLmNvbSIsImdpdmVuX25hbWUiOiJBaWR0YWFzIiwiZmFtaWx5X25hbWUiOiJBaWR0YWFzIiwiZW1haWwiOiJwYXNzd29yZF90ZW5hbnRfYWlkdGFhc0BnYWlhbnNvbHV0aW9ucy5jb20ifQ.T965S5M8iU-BIunBn_jJjAbRqDCJxtsotfvSz1NEWKs_fffC6UjixtLIMq64SxTzOW6QXQb8ijIMA4cIh1bHJtDISZrZrRCTR9Orto0g3t5cGRW0DrfC_JtJJPk9Yn01NmVCH9mLpS4luz4nV-PdRRPbg0T6j1YWs_MKEeE4Nq_i9Vb-4VaG8x0kcK6PqojfMlGjDU2RCH_aY8qTi4d6iyoyzHQ8mRYIUID9S51KN4pjAMxlKH5N7U05JTRpyqqIcAztYjiZfi5r1OSN2rF4bnGK8jpThTrBlHCCIHx25k3MUuq6EiBVhFvwo5nA7efrHgwBIwZJb6SCKafk_qMtTA
Cookies:		<none>
Multiparts:		<none>
Body:			<none>

HTTP/1.1 500 Internal Server Error
content-type: application/json
date: Fri, 21 Feb 2025 13:27:07 GMT
x-envoy-upstream-service-time: 1194
server: istio-envoy
transfer-encoding: chunked

{
    "timestamp": 1740144427818,
    "origin": "mobius-payment-service",
    "errorCode": 5001,
    "errorMessage": "Response code: 404\tError response: {\"name\":\"INVALID_RESOURCE_ID\",\"message\":\"Requested resource ID was not found.\",\"information_link\":\"https://developer.paypal.com/docs/api/payments/#errors\",\"debug_id\":\"a992a10b16ada\"}",
    "cause": {
        "message": "Response code: 404\tError response: {\"name\":\"INVALID_RESOURCE_ID\",\"message\":\"Requested resource ID was not found.\",\"information_link\":\"https://developer.paypal.com/docs/api/payments/#errors\",\"debug_id\":\"a992a10b16ada\"}",
        "timestamp": 0
    },
    "docUrl": "https://mobiusdtaas.atlassian.net/wiki/spaces/EN/pages/2360868868/Mobius+Documentation+for+Common+Issues",
    "httpStatusCode": "INTERNAL_SERVER_ERROR"
}
Request method:	POST
Request URI:	https://ig.aidtaas.com/mobius-payment-service/v1.0/paypal/capture_authorization
Proxy:			<none>
Request params:	<none>
Query params:	<none>
Form params:	<none>
Path params:	<none>
Headers:		Accept=application/json
				Authorization=Bearer  eyJhbGciOiJSUzI1NiIsInR5cCIgOiAiSldUIiwia2lkIiA6ICI3Ny1NUVdFRTNHZE5adGlsWU5IYmpsa2dVSkpaWUJWVmN1UmFZdHl5ejFjIn0.eyJleHAiOjE3NDAxNjc5MTgsImlhdCI6MTc0MDEzMTkxOCwianRpIjoiODk0YzY0NDQtNTQwNy00OTA5LWI1ZjMtNzg2NTY2Yjk1ZDViIiwiaXNzIjoiaHR0cDovL2tleWNsb2FrLXNlcnZpY2Uua2V5Y2xvYWsuc3ZjLmNsdXN0ZXIubG9jYWw6ODA4MC9yZWFsbXMvbWFzdGVyIiwiYXVkIjpbIkJPTFRaTUFOTl9CT1RfbW9iaXVzIiwiUEFTQ0FMX0lOVEVMTElHRU5DRV9tb2JpdXMiLCJNT05FVF9tb2JpdXMiLCJWSU5DSV9tb2JpdXMiLCJhY2NvdW50Il0sInN1YiI6IjJjZjc2ZTVmLTI2YWQtNGYyYy1iY2NjLWY0YmMxZTdiZmI2NCIsInR5cCI6IkJlYXJlciIsImF6cCI6IkhPTEFDUkFDWV9tb2JpdXMiLCJzaWQiOiJiZjFlOTg4MS0xNjVmLTRlZDMtOTliMC1lODlkMGQzYTViOWEiLCJhY3IiOiIxIiwiYWxsb3dlZC1vcmlnaW5zIjpbIi8qIl0sInJlYWxtX2FjY2VzcyI6eyJyb2xlcyI6WyJkZWZhdWx0LXJvbGVzLW1hc3RlciIsIkhDWV9URU5BTlRfQ1VTVE9NIiwib2ZmbGluZV9hY2Nlc3MiLCJCT0JfVEVOQU5UX0NVU1RPTSIsInVtYV9hdXRob3JpemF0aW9uIiwiUElfVEVOQU5UX0NVU1RPTSIsIk1PTkVUX1RFTkFOVF9DVVNUT00iXX0sInJlc291cmNlX2FjY2VzcyI6eyJCT0xUWk1BTk5fQk9UX21vYml1cyI6eyJyb2xlcyI6WyJURU5BTlRfV09SS0ZMT1dfU1VTUEVORF9QUk9DRVNTX0RFRklOSVRJT04iLCJURU5BTlRfV09SS0ZMT1dfU1VTUEVORF9JTlNUQU5DRSIsIlRFTkFOVF9XT1JLRkxPV19SRVRSSUVWRV9BTEwiLCJURU5BTlRfV09SS0ZMT1dfQUNUSVZBVEVfSU5TVEFOQ0UiLCJURU5BTlRfV09SS0ZMT1dfRVhFQ1VURSIsIlRFTkFOVF9XT1JLRkxPV19SRVRSSUVWRV9IT01FIiwiVEVOQU5UX1dPUktGTE9XX1JFVFJJRVZFX1NVU1BFTkRFRF9QUk9DRVNTX0RFRlMiLCJURU5BTlRfV09SS0ZMT1dfQUNUSVZBVEVfUlVOX0pPQiIsIlRFTkFOVF9XT1JLRkxPV19TVEFUVVMiLCJURU5BTlRfV09SS0ZMT1dfQ1JFQVRFIiwiVEVOQU5UX1dPUktGTE9XX0FDVElWSVRZX0RBVEFfQ09VTlQiLCJCT0xUWk1BTk5fQk9UX1VTRVIiLCJURU5BTlRfV09SS0ZMT1dfREVQTE9ZX1ZFUlNJT04iLCJURU5BTlRfV09SS0ZMT1dfSU1QT1JUIiwiVEVOQU5UX1dPUktGTE9XX1VQREFURSIsIlRFTkFOVF9XT1JLRkxPV19ERVBMT1kiLCJURU5BTlRfV09SS0ZMT1dfU1VTUEVORF9SVU5fSk9CIiwiVEVOQU5UX1dPUktGTE9XX1JFVFJJRVZFIiwiVEVOQU5UX1dPUktGTE9XX0RFTEVURSIsIlRFTkFOVF9XT1JLRkxPV19UUklHR0VSX01FU1NBR0VfTElTVEVORVIiXX0sIkhPTEFDUkFDWV9tb2JpdXMiOnsicm9sZXMiOlsiVEVOQU5UX1BST0RVQ1RfUkVUUklFVkVfTUFTVEVSX0NPTkZJRyIsIlRFTkFOVF9JTlZJVEFUSU9OX1JFU1BPTkQiLCJURU5BTlRfTkVHT1RJQVRJT05fQVBQUk9WQUxfQlVZRVIiLCJURU5BTlRfSU5WSVRBVElPTl9SRVRSSUVWRSIsIlRFTkFOVF9PUkdBTklaQVRJT05fQ1JFQVRFIiwiVEVOQU5UX0NSRUFURV9URU5BTlQiLCJURU5BTlRfU1VCX0FMTElBTkNFX1JFVFJJRVZFIiwiVEVOQU5UX1BMQVRGT1JNX0NSRUFURSIsIkhPTEFDUkFDWV9VU0VSIiwiVEVOQU5UX1JBVEVDQVJEX0NSRUFURSIsIlRFTkFOVF9QTEFURk9STV9SRVRSSUVWRSIsIlRFTkFOVF9SRVRSSUVWRV9CWV9CVVlFUl9QTEFURk9STSIsIlRFTkFOVF9TVUJfQUxMSUFOQ0VfUkVUUklFVkVfQUxMIiwiVEVOQU5UX1BST0RVQ1RfUkVUUklFVkUiLCJURU5BTlRfQUNDT1VOVF9ERUxFVEUiLCJURU5BTlRfQUxMSUFOQ0VfUkVUUklFVkUiLCJURU5BTlRfUExBVEZPUk1fVVBEQVRFIiwiVEVOQU5UX0lOVklUQVRJT05fQ1JFQVRFIiwiVEVOQU5UX1JBVEVDQVJEX1JFVFJJRVZFIiwiVEVOQU5UX09SR0FOSVpBVElPTl9VUERBVEUiLCJURU5BTlRfUkFURUNBUkRfVVBEQVRFIiwiVEVOQU5UX09SR0FOSVpBVElPTl9ERUxFVEUiLCJURU5BTlRfUExBVEZPUk1fREVMRVRFIiwiVEVOQU5UX1BST0RVQ1RfQ1JFQVRFIiwiVEVOQU5UX1NVQl9BTExJQU5DRV9DUkVBVEUiLCJURU5BTlRfUkFURUNBUkRfREVMRVRFIiwiVEVOQU5UX0FDQ09VTlRfQ1JFQVRFIiwiVEVOQU5UX0lOVklUQVRJT05fVVBEQVRFIiwiVEVOQU5UX1JFVFJJRVZFX1RFTkFOVCIsIlRFTkFOVF9JTlZJVEFUSU9OX0RFTEVURSIsIlRFTkFOVF9ORUdPVElBVElPTl9BUFBST1ZBTF9TVVBFUl9BRE1JTiIsIlRFTkFOVF9ORUdPVElBVElPTl9SRVRSSUVWRV9BTExfQkVUV0VFTl9CVVlFUl9TRUxMRVIiLCJURU5BTlRfUkVUUklFVkVfVEVOQU5UX0FMTCIsIlRFTkFOVF9ORUdPVElBVElPTl9DUkVBVEUiLCJURU5BTlRfVVBEQVRFX1RFTkFOVCIsIlRFTkFOVF9PUkdBTklaQVRJT05fUkVUUklFVkUiLCJURU5BTlRfQUNDT1VOVF9VUERBVEUiLCJURU5BTlRfUFJPRFVDVF9ERUxFVEUiLCJURU5BTlRfU1VCX0FMTElBTkNFX0RFTEVURSIsIlRFTkFOVF9ORUdPVElBVElPTl9BUFBST1ZBTF9TRUxMRVIiLCJURU5BTlRfU1VCX0FMTElBTkNFX1VQREFURSIsIlRFTkFOVF9QUk9EVUNUX1VQREFURSIsIlRFTkFOVF9BQ0NPVU5UX1JFVFJJRVZFIiwiVEVOQU5UX05FR09USUFUSU9OX1JFVFJJRVZFIiwiVEVOQU5UX0RFTEVURV9URU5BTlQiXX0sIlBBU0NBTF9JTlRFTExJR0VOQ0VfbW9iaXVzIjp7InJvbGVzIjpbIlRFTkFOVF9DT05URVhUX0RFTEVURSIsIlRFTkFOVF9DT05URVhUX1VQREFURSIsIlRFTkFOVF9CSUdRVUVSWV9SRVRSSUVWRSIsIlRFTkFOVF9CSUdRVUVSWV9VUERBVEUiLCJURU5BTlRfVU5JVkVSU0VfQ1JFQVRFIiwiVEVOQU5UX0NPSE9SVFNfUkVUUklFVkUiLCJURU5BTlRfQklHUVVFUllfQ1JFQVRFIiwiVEVOQU5UX0JJR1FVRVJZX0VWQUxVQVRFIiwiVEVOQU5UX0NPSE9SVFNfVVBEQVRFIiwiVEVOQU5UX0NPTlRFWFRfUkVUUklFVkUiLCJURU5BTlRfVU5JVkVSU0VfUkVUUklFVkUiLCJURU5BTlRfQ09IT1JUU19FVkFMVUFURSIsIlRFTkFOVF9CSUdRVUVSWV9ERUxFVEUiLCJURU5BTlRfU0NIRU1BX0NSRUFURSIsIlBBU0NBTF9JTlRFTExJR0VOQ0VfVVNFUiIsIlRFTkFOVF9DT0hPUlRTX0NSRUFURSIsIlRFTkFOVF9TQ0hFTUFfVVBEQVRFIiwiVEVOQU5UX0NPTlRFWFRfQVBQUk9WRSIsIlRFTkFOVF9VTklWRVJTRV9VUERBVEUiLCJURU5BTlRfQklHUVVFUllfQVBQUk9WRSIsIlRFTkFOVF9TQ0hFTUFfUkVUUklFVkUiLCJURU5BTlRfU0NIRU1BX0FQUFJPVkUiLCJURU5BTlRfQ09OVEVYVF9FVkFMVUFURSIsIlRFTkFOVF9TQ0hFTUFfREVMRVRFIiwiVEVOQU5UX0NPTlRFWFRfQ1JFQVRFIiwiVEVOQU5UX1NDSEVNQV9EQVRBX1JFVFJJRVZFIiwiVEVOQU5UX1NDSEVNQV9EQVRBX0RFTEVURSIsIlRFTkFOVF9TQ0hFTUFfREFUQV9VUERBVEUiLCJURU5BTlRfQ09IT1JUU19ERUxFVEUiLCJURU5BTlRfVU5JVkVSU0VfREVMRVRFIiwiVEVOQU5UX1NDSEVNQV9EQVRBX0lOR0VTVElPTiIsIlRFTkFOVF9DT0hPUlRTX0FQUFJPVkUiXX0sIk1PTkVUX21vYml1cyI6eyJyb2xlcyI6WyJURU5BTlRfQVBQTEVUU19SRVRSSUVWRV9BTExfUFVCTElTSEVEIiwiVEVOQU5UX1dJREdFVFNfUkVUUklFVkVfRFJBRlQiLCJURU5BTlRfV0lER0VUU19VUERBVEUiLCJURU5BTlRfQVBQTEVUU19ERUxFVEUiLCJURU5BTlRfV0lER0VUU19ERUxFVEUiLCJURU5BTlRfUExVR0lOX0NBVEVHT1JZX1JFVFJJRVZFX0FMTCIsIlRFTkFOVF9BUFBMRVRTX1VQREFURV9ISVNUT1JZIiwiVEVOQU5UX0VYUEVSSUVOQ0VTX0NSRUFURSIsIlRFTkFOVF9XSURHRVRTX1JFVFJJRVZFX1BVQkxJU0giLCJURU5BTlRfUExVR0lOX0NBVEVHT1JZX0NSRUFURSIsIlRFTkFOVF9ERVBFTkRFTkNZX1JFVFJJRVZFX0FMTCIsIlRFTkFOVF9XSURHRVRTX1BVQkxJU0giLCJURU5BTlRfUkVUUklFVkVfRklFTERTX09GX1BVQkxJU0hFRCIsIlRFTkFOVF9FWFBFUklFTkNFU19VUERBVEUiLCJURU5BTlRfQVBQTEVUU19DUkVBVEUiLCJURU5BTlRfUExVR0lOU19ERUxFVEUiLCJURU5BTlRfQVBQTEVUU19SRVRSSUVWRV9BTExfRFJBRlQiLCJURU5BTlRfUExVR0lOU19VUERBVEUiLCJURU5BTlRfQVBQTEVUU19SRVRSSUVWRV9GUk9NX0hJU1RPUlkiLCJURU5BTlRfUkVUUklFVkVfRklFTERTX09GX0RSQUZUIiwiVEVOQU5UX0FQUExFVFNfUkVUUklFVkVfUFVCTElTSEVEIiwiVEVOQU5UX0FQUExFVFNfUFVCTElTSEVEIiwiVEVOQU5UX1dJREdFVFNfUkVUUklFVkUiLCJURU5BTlRfUExVR0lOX0NBVEVHT1JZX0RFTEVURSIsIlRFTkFOVF9QTFVHSU5fQ0FURUdPUllfUFVCTElTSCIsIlRFTkFOVF9QTFVHSU5fQ0FURUdPUllfREVMRVRFX0NPTVBfRlJPTSIsIlRFTkFOVF9SRVRSSUVWRV9QVUJMSVNIRUQiLCJURU5BTlRfUExVR0lOU19SRVRSSUVWRSIsIlRFTkFOVF9QTFVHSU5TX0NSRUFURSIsIlRFTkFOVF9XSURHRVRTX0NSRUFURSIsIlRFTkFOVF9BUFBMRVRTX1JFVFJJRVZFX0FMTF9QVUJMSVNIRURfVEhVTUJOQUlMUyIsIk1PTkVUX1VTRVIiLCJURU5BTlRfRVhQRVJJRU5DRVNfREVMRVRFIiwiVEVOQU5UX0VYUEVSSUVOQ0VTX1BVQkxJU0giLCJURU5BTlRfUkVUUklFVkVfRlJPTV9ISVNUT1JZIiwiVEVOQU5UX1BMVUdJTl9DQVRFR09SWV9VUERBVEUiXX0sIlZJTkNJX21vYml1cyI6eyJyb2xlcyI6WyJWSU5DSV9VU0VSIl19LCJhY2NvdW50Ijp7InJvbGVzIjpbIm1hbmFnZS1hY2NvdW50IiwibWFuYWdlLWFjY291bnQtbGlua3MiLCJ2aWV3LXByb2ZpbGUiXX19LCJzY29wZSI6InByb2ZpbGUgZW1haWwiLCJyZXF1ZXN0ZXJUeXBlIjoiVEVOQU5UIiwiZW1haWxfdmVyaWZpZWQiOnRydWUsIm5hbWUiOiJBaWR0YWFzIEFpZHRhYXMiLCJ0ZW5hbnRJZCI6IjJjZjc2ZTVmLTI2YWQtNGYyYy1iY2NjLWY0YmMxZTdiZmI2NCIsInByZWZlcnJlZF91c2VybmFtZSI6InBhc3N3b3JkX3RlbmFudF9haWR0YWFzQGdhaWFuc29sdXRpb25zLmNvbSIsImdpdmVuX25hbWUiOiJBaWR0YWFzIiwiZmFtaWx5X25hbWUiOiJBaWR0YWFzIiwiZW1haWwiOiJwYXNzd29yZF90ZW5hbnRfYWlkdGFhc0BnYWlhbnNvbHV0aW9ucy5jb20ifQ.T965S5M8iU-BIunBn_jJjAbRqDCJxtsotfvSz1NEWKs_fffC6UjixtLIMq64SxTzOW6QXQb8ijIMA4cIh1bHJtDISZrZrRCTR9Orto0g3t5cGRW0DrfC_JtJJPk9Yn01NmVCH9mLpS4luz4nV-PdRRPbg0T6j1YWs_MKEeE4Nq_i9Vb-4VaG8x0kcK6PqojfMlGjDU2RCH_aY8qTi4d6iyoyzHQ8mRYIUID9S51KN4pjAMxlKH5N7U05JTRpyqqIcAztYjiZfi5r1OSN2rF4bnGK8jpThTrBlHCCIHx25k3MUuq6EiBVhFvwo5nA7efrHgwBIwZJb6SCKafk_qMtTA
				Content-Type=application/json
Cookies:		<none>
Multiparts:		<none>
Body:
{
    "currency": "7MyYqPVTVODTnrH",
    "amount": 0.8648845086525934,
    "executionId": "5SdLlz0u1Pzx5UC"
}

HTTP/1.1 500 Internal Server Error
content-type: application/json
date: Fri, 21 Feb 2025 13:27:09 GMT
x-envoy-upstream-service-time: 1445
server: istio-envoy
transfer-encoding: chunked

{
    "timestamp": 1740144429362,
    "origin": "mobius-payment-service",
    "errorCode": 5001,
    "errorMessage": "Response code: 400\tError response: {\"name\":\"VALIDATION_ERROR\",\"message\":\"Invalid request - see details\",\"debug_id\":\"8d5af0cbc7cfb\",\"information_link\":\"https://developer.paypal.com/docs/api/payments/#errors\",\"details\":[{\"field\":\"/amount\",\"location\":\"body\",\"issue\":\"Cannot construct instance of `com.paypal.platform.payments.model.rest.common.Amount`, problem: INVALID_CURRENCY_AMOUNT_FORMAT\"}]}",
    "cause": {
        "message": "Response code: 400\tError response: {\"name\":\"VALIDATION_ERROR\",\"message\":\"Invalid request - see details\",\"debug_id\":\"8d5af0cbc7cfb\",\"information_link\":\"https://developer.paypal.com/docs/api/payments/#errors\",\"details\":[{\"field\":\"/amount\",\"location\":\"body\",\"issue\":\"Cannot construct instance of `com.paypal.platform.payments.model.rest.common.Amount`, problem: INVALID_CURRENCY_AMOUNT_FORMAT\"}]}",
        "timestamp": 0
    },
    "docUrl": "https://mobiusdtaas.atlassian.net/wiki/spaces/EN/pages/2360868868/Mobius+Documentation+for+Common+Issues",
    "httpStatusCode": "INTERNAL_SERVER_ERROR"
}
Tests run: 3, Failures: 3, Errors: 0, Skipped: 0, Time elapsed: 4.524 sec <<< FAILURE!
test_0_with500(EvoMaster_faults_Test)  Time elapsed: 1.689 sec  <<< FAILURE!
java.lang.AssertionError: 1 expectation failed.
JSON path 'errorMessage' doesn't match.
Expected: a string containing "Response code: 404\tError response: {\"name\":\"INVALID_RESOURCE_ID\",\"message\":\"Requested resource ID was not found.\",\"information_link\":\"https://developer.paypal.com/docs/api/payments/#errors\",\"debug_id\":\"d65d503338270\"}"
  Actual: Response code: 404\tError response: {\"name\":\"INVALID_RESOURCE_ID\",\"message\":\"Requested resource ID was not found.\",\"information_link\":\"https://developer.paypal.com/docs/api/payments/#errors\",\"debug_id\":\"430a860fd7761\"}

	at java.base/jdk.internal.reflect.DirectConstructorHandleAccessor.newInstance(DirectConstructorHandleAccessor.java:62)
	at java.base/java.lang.reflect.Constructor.newInstanceWithCaller(Constructor.java:502)
	at java.base/java.lang.reflect.Constructor.newInstance(Constructor.java:486)
	at org.codehaus.groovy.reflection.CachedConstructor.invoke(CachedConstructor.java:73)
	at org.codehaus.groovy.runtime.callsite.ConstructorSite$ConstructorSiteNoUnwrapNoCoerce.callConstructor(ConstructorSite.java:108)
	at org.codehaus.groovy.runtime.callsite.CallSiteArray.defaultCallConstructor(CallSiteArray.java:57)
	at org.codehaus.groovy.runtime.callsite.AbstractCallSite.callConstructor(AbstractCallSite.java:263)
	at org.codehaus.groovy.runtime.callsite.AbstractCallSite.callConstructor(AbstractCallSite.java:277)
	at io.restassured.internal.ResponseSpecificationImpl$HamcrestAssertionClosure.validate(ResponseSpecificationImpl.groovy:512)
	at io.restassured.internal.ResponseSpecificationImpl$HamcrestAssertionClosure$validate$1.call(Unknown Source)
	at io.restassured.internal.ResponseSpecificationImpl.validateResponseIfRequired(ResponseSpecificationImpl.groovy:696)
	at io.restassured.internal.ResponseSpecificationImpl.this$2$validateResponseIfRequired(ResponseSpecificationImpl.groovy)
	at java.base/jdk.internal.reflect.DirectMethodHandleAccessor.invoke(DirectMethodHandleAccessor.java:103)
	at java.base/java.lang.reflect.Method.invoke(Method.java:580)
	at org.codehaus.groovy.runtime.callsite.PlainObjectMetaMethodSite.doInvoke(PlainObjectMetaMethodSite.java:43)
	at org.codehaus.groovy.runtime.callsite.PogoMetaMethodSite$PogoCachedMethodSiteNoUnwrapNoCoerce.invoke(PogoMetaMethodSite.java:198)
	at org.codehaus.groovy.runtime.callsite.PogoMetaMethodSite.callCurrent(PogoMetaMethodSite.java:62)
	at org.codehaus.groovy.runtime.callsite.AbstractCallSite.callCurrent(AbstractCallSite.java:185)
	at io.restassured.internal.ResponseSpecificationImpl.body(ResponseSpecificationImpl.groovy:270)
	at io.restassured.specification.ResponseSpecification$body$2.callCurrent(Unknown Source)
	at org.codehaus.groovy.runtime.callsite.CallSiteArray.defaultCallCurrent(CallSiteArray.java:49)
	at io.restassured.specification.ResponseSpecification$body$2.callCurrent(Unknown Source)
	at io.restassured.internal.ResponseSpecificationImpl.body(ResponseSpecificationImpl.groovy:117)
	at io.restassured.internal.ValidatableResponseOptionsImpl.body(ValidatableResponseOptionsImpl.java:244)
	at EvoMaster_faults_Test.test_0_with500(EvoMaster_faults_Test.java:79)
	at java.base/jdk.internal.reflect.DirectMethodHandleAccessor.invoke(DirectMethodHandleAccessor.java:103)
	at java.base/java.lang.reflect.Method.invoke(Method.java:580)
	at org.junit.runners.model.FrameworkMethod$1.runReflectiveCall(FrameworkMethod.java:59)
	at org.junit.internal.runners.model.ReflectiveCallable.run(ReflectiveCallable.java:12)
	at org.junit.runners.model.FrameworkMethod.invokeExplosively(FrameworkMethod.java:56)
	at org.junit.internal.runners.statements.InvokeMethod.evaluate(InvokeMethod.java:17)
	at org.junit.internal.runners.statements.FailOnTimeout$CallableStatement.call(FailOnTimeout.java:299)
	at org.junit.internal.runners.statements.FailOnTimeout$CallableStatement.call(FailOnTimeout.java:293)
	at java.base/java.util.concurrent.FutureTask.run(FutureTask.java:317)
	at java.base/java.lang.Thread.run(Thread.java:1583)

test_2_with500(EvoMaster_faults_Test)  Time elapsed: 1.303 sec  <<< FAILURE!
java.lang.AssertionError: 1 expectation failed.
JSON path 'errorMessage' doesn't match.
Expected: a string containing "Response code: 404\tError response: {\"name\":\"INVALID_RESOURCE_ID\",\"message\":\"Requested resource ID was not found.\",\"information_link\":\"https://developer.paypal.com/docs/api/payments/#errors\",\"debug_id\":\"78d73d02030e4\"}"
  Actual: Response code: 404\tError response: {\"name\":\"INVALID_RESOURCE_ID\",\"message\":\"Requested resource ID was not found.\",\"information_link\":\"https://developer.paypal.com/docs/api/payments/#errors\",\"debug_id\":\"a992a10b16ada\"}

	at java.base/jdk.internal.reflect.DirectConstructorHandleAccessor.newInstance(DirectConstructorHandleAccessor.java:62)
	at java.base/java.lang.reflect.Constructor.newInstanceWithCaller(Constructor.java:502)
	at java.base/java.lang.reflect.Constructor.newInstance(Constructor.java:486)
	at org.codehaus.groovy.reflection.CachedConstructor.invoke(CachedConstructor.java:73)
	at org.codehaus.groovy.runtime.callsite.ConstructorSite$ConstructorSiteNoUnwrapNoCoerce.callConstructor(ConstructorSite.java:108)
	at org.codehaus.groovy.runtime.callsite.AbstractCallSite.callConstructor(AbstractCallSite.java:277)
	at io.restassured.internal.ResponseSpecificationImpl$HamcrestAssertionClosure.validate(ResponseSpecificationImpl.groovy:512)
	at io.restassured.internal.ResponseSpecificationImpl$HamcrestAssertionClosure$validate$1.call(Unknown Source)
	at io.restassured.internal.ResponseSpecificationImpl.validateResponseIfRequired(ResponseSpecificationImpl.groovy:696)
	at io.restassured.internal.ResponseSpecificationImpl.this$2$validateResponseIfRequired(ResponseSpecificationImpl.groovy)
	at java.base/jdk.internal.reflect.DirectMethodHandleAccessor.invoke(DirectMethodHandleAccessor.java:103)
	at java.base/java.lang.reflect.Method.invoke(Method.java:580)
	at org.codehaus.groovy.runtime.callsite.PlainObjectMetaMethodSite.doInvoke(PlainObjectMetaMethodSite.java:43)
	at org.codehaus.groovy.runtime.callsite.PogoMetaMethodSite$PogoCachedMethodSiteNoUnwrapNoCoerce.invoke(PogoMetaMethodSite.java:198)
	at org.codehaus.groovy.runtime.callsite.PogoMetaMethodSite.callCurrent(PogoMetaMethodSite.java:62)
	at org.codehaus.groovy.runtime.callsite.AbstractCallSite.callCurrent(AbstractCallSite.java:185)
	at io.restassured.internal.ResponseSpecificationImpl.body(ResponseSpecificationImpl.groovy:270)
	at io.restassured.specification.ResponseSpecification$body$2.callCurrent(Unknown Source)
	at org.codehaus.groovy.runtime.callsite.CallSiteArray.defaultCallCurrent(CallSiteArray.java:49)
	at io.restassured.specification.ResponseSpecification$body$2.callCurrent(Unknown Source)
	at io.restassured.internal.ResponseSpecificationImpl.body(ResponseSpecificationImpl.groovy:117)
	at io.restassured.internal.ValidatableResponseOptionsImpl.body(ValidatableResponseOptionsImpl.java:244)
	at EvoMaster_faults_Test.test_2_with500(EvoMaster_faults_Test.java:138)
	at java.base/jdk.internal.reflect.DirectMethodHandleAccessor.invoke(DirectMethodHandleAccessor.java:103)
	at java.base/java.lang.reflect.Method.invoke(Method.java:580)
	at org.junit.runners.model.FrameworkMethod$1.runReflectiveCall(FrameworkMethod.java:59)
	at org.junit.internal.runners.model.ReflectiveCallable.run(ReflectiveCallable.java:12)
	at org.junit.runners.model.FrameworkMethod.invokeExplosively(FrameworkMethod.java:56)
	at org.junit.internal.runners.statements.InvokeMethod.evaluate(InvokeMethod.java:17)
	at org.junit.internal.runners.statements.FailOnTimeout$CallableStatement.call(FailOnTimeout.java:299)
	at org.junit.internal.runners.statements.FailOnTimeout$CallableStatement.call(FailOnTimeout.java:293)
	at java.base/java.util.concurrent.FutureTask.run(FutureTask.java:317)
	at java.base/java.lang.Thread.run(Thread.java:1583)

test_1_with500(EvoMaster_faults_Test)  Time elapsed: 1.531 sec  <<< FAILURE!
java.lang.AssertionError: 1 expectation failed.
JSON path 'errorMessage' doesn't match.
Expected: a string containing "Response code: 400\tError response: {\"name\":\"VALIDATION_ERROR\",\"message\":\"Invalid request - see details\",\"debug_id\":\"b79066801c8e0\",\"information_link\":\"https://developer.paypal.com/docs/api/payments/#errors\",\"details\":[{\"field\":\"/amount\",\"location\":\"body\",\"issue\":\"Cannot construct instance of `com.paypal.platform.payments.model.rest.common.Amount`, problem: INVALID_CURRENCY_AMOUNT_FORMAT\"}]}"
  Actual: Response code: 400\tError response: {\"name\":\"VALIDATION_ERROR\",\"message\":\"Invalid request - see details\",\"debug_id\":\"8d5af0cbc7cfb\",\"information_link\":\"https://developer.paypal.com/docs/api/payments/#errors\",\"details\":[{\"field\":\"/amount\",\"location\":\"body\",\"issue\":\"Cannot construct instance of `com.paypal.platform.payments.model.rest.common.Amount`, problem: INVALID_CURRENCY_AMOUNT_FORMAT\"}]}

	at java.base/jdk.internal.reflect.DirectConstructorHandleAccessor.newInstance(DirectConstructorHandleAccessor.java:62)
	at java.base/java.lang.reflect.Constructor.newInstanceWithCaller(Constructor.java:502)
	at java.base/java.lang.reflect.Constructor.newInstance(Constructor.java:486)
	at org.codehaus.groovy.reflection.CachedConstructor.invoke(CachedConstructor.java:73)
	at org.codehaus.groovy.runtime.callsite.ConstructorSite$ConstructorSiteNoUnwrapNoCoerce.callConstructor(ConstructorSite.java:108)
	at org.codehaus.groovy.runtime.callsite.AbstractCallSite.callConstructor(AbstractCallSite.java:277)
	at io.restassured.internal.ResponseSpecificationImpl$HamcrestAssertionClosure.validate(ResponseSpecificationImpl.groovy:512)
	at io.restassured.internal.ResponseSpecificationImpl$HamcrestAssertionClosure$validate$1.call(Unknown Source)
	at io.restassured.internal.ResponseSpecificationImpl.validateResponseIfRequired(ResponseSpecificationImpl.groovy:696)
	at io.restassured.internal.ResponseSpecificationImpl.this$2$validateResponseIfRequired(ResponseSpecificationImpl.groovy)
	at java.base/jdk.internal.reflect.DirectMethodHandleAccessor.invoke(DirectMethodHandleAccessor.java:103)
	at java.base/java.lang.reflect.Method.invoke(Method.java:580)
	at org.codehaus.groovy.runtime.callsite.PlainObjectMetaMethodSite.doInvoke(PlainObjectMetaMethodSite.java:43)
	at org.codehaus.groovy.runtime.callsite.PogoMetaMethodSite$PogoCachedMethodSiteNoUnwrapNoCoerce.invoke(PogoMetaMethodSite.java:198)
	at org.codehaus.groovy.runtime.callsite.PogoMetaMethodSite.callCurrent(PogoMetaMethodSite.java:62)
	at org.codehaus.groovy.runtime.callsite.AbstractCallSite.callCurrent(AbstractCallSite.java:185)
	at io.restassured.internal.ResponseSpecificationImpl.body(ResponseSpecificationImpl.groovy:270)
	at io.restassured.specification.ResponseSpecification$body$2.callCurrent(Unknown Source)
	at org.codehaus.groovy.runtime.callsite.CallSiteArray.defaultCallCurrent(CallSiteArray.java:49)
	at io.restassured.specification.ResponseSpecification$body$2.callCurrent(Unknown Source)
	at io.restassured.internal.ResponseSpecificationImpl.body(ResponseSpecificationImpl.groovy:117)
	at io.restassured.internal.ValidatableResponseOptionsImpl.body(ValidatableResponseOptionsImpl.java:244)
	at EvoMaster_faults_Test.test_1_with500(EvoMaster_faults_Test.java:110)
	at java.base/jdk.internal.reflect.DirectMethodHandleAccessor.invoke(DirectMethodHandleAccessor.java:103)
	at java.base/java.lang.reflect.Method.invoke(Method.java:580)
	at org.junit.runners.model.FrameworkMethod$1.runReflectiveCall(FrameworkMethod.java:59)
	at org.junit.internal.runners.model.ReflectiveCallable.run(ReflectiveCallable.java:12)
	at org.junit.runners.model.FrameworkMethod.invokeExplosively(FrameworkMethod.java:56)
	at org.junit.internal.runners.statements.InvokeMethod.evaluate(InvokeMethod.java:17)
	at org.junit.internal.runners.statements.FailOnTimeout$CallableStatement.call(FailOnTimeout.java:299)
	at org.junit.internal.runners.statements.FailOnTimeout$CallableStatement.call(FailOnTimeout.java:293)
	at java.base/java.util.concurrent.FutureTask.run(FutureTask.java:317)
	at java.base/java.lang.Thread.run(Thread.java:1583)


Results :

Failed tests:   test_0_with500(EvoMaster_faults_Test): 1 expectation failed.(..)
  test_2_with500(EvoMaster_faults_Test): 1 expectation failed.(..)
  test_1_with500(EvoMaster_faults_Test): 1 expectation failed.(..)

Tests run: 83, Failures: 3, Errors: 0, Skipped: 0

[[1;34mINFO[m] [1m------------------------------------------------------------------------[m
[[1;34mINFO[m] [1;31mBUILD FAILURE[m
[[1;34mINFO[m] [1m------------------------------------------------------------------------[m
[[1;34mINFO[m] Total time:  23.078 s
[[1;34mINFO[m] Finished at: 2025-02-21T18:57:09+05:30
[[1;34mINFO[m] [1m------------------------------------------------------------------------[m
[[1;31mERROR[m] Failed to execute goal [32morg.apache.maven.plugins:maven-surefire-plugin:2.12.4:test[m [1m(default-test)[m on project [36mTestValidation[m: [1;31mThere are test failures.[m
[[1;31mERROR[m] [1;31m[m
[[1;31mERROR[m] [1;31mPlease refer to /home/gaian/Desktop/ownRepoShellScript/EvomasterTestExecution/target/surefire-reports for the individual test results.[m
[[1;31mERROR[m] -> [1m[Help 1][m
[[1;31mERROR[m] 
[[1;31mERROR[m] To see the full stack trace of the errors, re-run Maven with the [1m-e[m switch.
[[1;31mERROR[m] Re-run Maven using the [1m-X[m switch to enable full debug logging.
[[1;31mERROR[m] 
[[1;31mERROR[m] For more information about the errors and possible solutions, please read the following articles:
[[1;31mERROR[m] [1m[Help 1][m http://cwiki.apache.org/confluence/display/MAVEN/MojoFailureException
